
===========================================================================
report_checks -unconstrained
===========================================================================
======================= nom_tt_025C_1v80 Corner ===================================

Startpoint: ena (input port clocked by osc_ck)
Endpoint: _121_ (recovery check against rising-edge clock osc_ck)
Path Group: asynchronous
Path Type: max

Fanout         Cap        Slew       Delay        Time   Description
---------------------------------------------------------------------------------------------
                                  0.000000    0.000000   clock osc_ck (rise edge)
                                  0.000000    0.000000   clock network delay (propagated)
                                200.000000  200.000000 ^ input external delay
    14    0.045039    0.209771    0.143231  200.143219 ^ ena (in)
                                                         ena (net)
                      0.209771    0.000000  200.143219 ^ _073_/B (sky130_fd_sc_hd__and2_2)
     1    0.003612    0.043124    0.176470  200.319702 ^ _073_/X (sky130_fd_sc_hd__and2_2)
                                                         dcomp_ena_rsb (net)
                      0.043124    0.000000  200.319702 ^ _121_/RESET_B (sky130_fd_sc_hd__dfrtp_2)
                                            200.319702   data arrival time

                               1000.000000 1000.000000   clock osc_ck (rise edge)
                                  0.000000 1000.000000   clock source latency
    16    0.029998    0.142272    0.096634 1000.096680 ^ osc_ck (in)
                                                         osc_ck (net)
                      0.142272    0.000000 1000.096680 ^ _121_/CLK (sky130_fd_sc_hd__dfrtp_2)
                                 -0.250000  999.846680   clock uncertainty
                                  0.000000  999.846680   clock reconvergence pessimism
                                  0.249591 1000.096191   library recovery time
                                           1000.096191   data required time
---------------------------------------------------------------------------------------------
                                           1000.096191   data required time
                                           -200.319702   data arrival time
---------------------------------------------------------------------------------------------
                                            799.776550   slack (MET)


Startpoint: dcomp (input port clocked by osc_ck)
Endpoint: osc_ena (output port clocked by osc_ck)
Path Group: osc_ck
Path Type: max

Fanout         Cap        Slew       Delay        Time   Description
---------------------------------------------------------------------------------------------
                                  0.000000    0.000000   clock osc_ck (rise edge)
                                  0.000000    0.000000   clock network delay (propagated)
                                200.000000  200.000000 v input external delay
     3    0.004853    0.013725    0.007830  200.007828 v dcomp (in)
                                                         dcomp (net)
                      0.013725    0.000000  200.007828 v _071_/B (sky130_fd_sc_hd__or3b_2)
     1    0.002240    0.073441    0.417870  200.425690 v _071_/X (sky130_fd_sc_hd__or3b_2)
                                                         _037_ (net)
                      0.073441    0.000000  200.425690 v _072_/A3 (sky130_fd_sc_hd__a31o_2)
     1    0.033442    0.106122    0.332463  200.758163 v _072_/X (sky130_fd_sc_hd__a31o_2)
                                                         osc_ena (net)
                      0.106122    0.000000  200.758163 v osc_ena (out)
                                            200.758163   data arrival time

                               1000.000000 1000.000000   clock osc_ck (rise edge)
                                  0.000000 1000.000000   clock network delay (propagated)
                                 -0.250000  999.750000   clock uncertainty
                                  0.000000  999.750000   clock reconvergence pessimism
                               -200.000000  799.750061   output external delay
                                            799.750061   data required time
---------------------------------------------------------------------------------------------
                                            799.750061   data required time
                                           -200.758163   data arrival time
---------------------------------------------------------------------------------------------
                                            598.991882   slack (MET)




===========================================================================
report_checks --slack_max -0.01
============================================================================
======================= nom_tt_025C_1v80 Corner ===================================

No paths found.


===========================================================================
 report_check_types -max_slew -max_cap -max_fanout -violators
============================================================================
======================= nom_tt_025C_1v80 Corner ===================================

max fanout

Pin                                   Limit Fanout  Slack
---------------------------------------------------------
osc_ck                                   10     16     -6 (VIOLATED)
ena                                      10     14     -4 (VIOLATED)
_118_/Q                                  10     11        (VIOLATED)



===========================================================================
report_parasitic_annotation -report_unannotated
============================================================================
Found 96 unannotated drivers.
 brout_filt
 dcomp
 ena
 force_dis_rc_osc
 force_ena_rc_osc
 force_short_oneshot
 osc_ck
 otrip[0]
 otrip[1]
 otrip[2]
 vtrip[0]
 vtrip[1]
 vtrip[2]
 TIE_ONE_one_/HI
 TIE_ONE_one_/LO
 TIE_ZERO_zero_/HI
 TIE_ZERO_zero_/LO
 _043_/Y
 _044_/Y
 _045_/Y
 _046_/Y
 _047_/X
 _048_/X
 _049_/X
 _050_/Y
 _051_/X
 _052_/X
 _053_/X
 _054_/X
 _055_/Y
 _056_/Y
 _057_/Y
 _058_/X
 _059_/Y
 _060_/X
 _061_/X
 _062_/X
 _063_/Y
 _064_/Y
 _065_/Y
 _066_/X
 _067_/Y
 _068_/X
 _069_/X
 _070_/X
 _071_/X
 _072_/X
 _073_/X
 _074_/Y
 _075_/Y
 _076_/X
 _077_/Y
 _078_/Y
 _079_/X
 _080_/Y
 _081_/X
 _082_/Y
 _083_/Y
 _084_/Y
 _085_/X
 _086_/Y
 _087_/Y
 _088_/Y
 _089_/X
 _090_/Y
 _091_/Y
 _092_/X
 _093_/Y
 _094_/Y
 _095_/Y
 _096_/X
 _097_/X
 _098_/X
 _099_/X
 _100_/Y
 _101_/X
 _102_/X
 _103_/Y
 _104_/X
 _105_/Y
 _106_/Q
 _107_/Q
 _108_/Q
 _109_/Q
 _110_/Q
 _111_/Q
 _112_/Q
 _113_/Q
 _114_/Q
 _115_/Q
 _116_/Q
 _117_/Q
 _118_/Q
 _119_/Q
 _120_/Q
 _121_/Q
Found 0 partially unannotated drivers.

===========================================================================
max slew violation count 0
Writing metric design__max_slew_violation__count__corner:nom_tt_025C_1v80: 0
max fanout violation count 3
Writing metric design__max_fanout_violation__count__corner:nom_tt_025C_1v80: 3
max cap violation count 0
Writing metric design__max_cap_violation__count__corner:nom_tt_025C_1v80: 0
============================================================================

===========================================================================
check_setup -verbose -unconstrained_endpoints -multiple_clock -no_clock -no_input_delay -loops -generated_clocks
===========================================================================
Warning: There are 2 unconstrained endpoints.
  _118_/D
  _119_/D
