Reading OpenROAD database at '/home/rtsang/chipalooza/sky130_ajc_ip__brownout/openlane/brownout_dig/runs/RUN_2024-04-11_23-19-37/38-openroad-repairantennas/1-diodeinsertion/brownout_dig.odb'…
Reading library file at '/home/rtsang/.volare/volare/sky130/versions/bdc9412b3e468c102d01b7cf6337be06ec6e9c9a/sky130A/libs.ref/sky130_fd_sc_hd/lib/sky130_fd_sc_hd__tt_025C_1v80.lib'…
Reading design constraints file at '/nix/store/gz2n27iaqigc0pl644jsbk5cn7v7gs6p-python3-3.11.6-env/lib/python3.11/site-packages/openlane/scripts/base.sdc'…
[INFO] Using clock osc_ck…
[INFO] Setting output delay to: 200
[INFO] Setting input delay to: 200
[INFO] Setting load to: 0.033442
[INFO] Setting clock uncertainty to: 0.25
[INFO] Setting clock transition to: 0.1499999999999999944488848768742172978818416595458984375
[INFO] Setting timing derate to: 5%
[INFO ORD-0030] Using 8 thread(s).
[INFO DRT-0149] Reading tech and libs.

Units:                1000
Number of layers:     13
Number of macros:     441
Number of vias:       25
Number of viarulegen: 25

[INFO DRT-0150] Reading design.

Design:                   brownout_dig
Die area:                 ( 0 0 ) ( 55865 66585 )
Number of track patterns: 12
Number of DEF vias:       0
Number of components:     180
Number of terminals:      34
Number of snets:          2
Number of nets:           134

[INFO DRT-0167] List of default vias:
  Layer via
    default via: M1M2_PR
  Layer via2
    default via: M2M3_PR
  Layer via3
    default via: M3M4_PR
  Layer via4
    default via: M4M5_PR
[INFO DRT-0162] Library cell analysis.
[INFO DRT-0163] Instance analysis.
[INFO DRT-0164] Number of unique instances = 74.
[INFO DRT-0168] Init region query.
[INFO DRT-0024]   Complete FR_MASTERSLICE.
[INFO DRT-0024]   Complete Fr_VIA.
[INFO DRT-0024]   Complete li1.
[INFO DRT-0024]   Complete mcon.
[INFO DRT-0024]   Complete met1.
[INFO DRT-0024]   Complete via.
[INFO DRT-0024]   Complete met2.
[INFO DRT-0024]   Complete via2.
[INFO DRT-0024]   Complete met3.
[INFO DRT-0024]   Complete via3.
[INFO DRT-0024]   Complete met4.
[INFO DRT-0024]   Complete via4.
[INFO DRT-0024]   Complete met5.
[INFO DRT-0033] FR_MASTERSLICE shape region query size = 0.
[INFO DRT-0033] FR_VIA shape region query size = 0.
[INFO DRT-0033] li1 shape region query size = 4097.
[INFO DRT-0033] mcon shape region query size = 2279.
[INFO DRT-0033] met1 shape region query size = 631.
[INFO DRT-0033] via shape region query size = 85.
[INFO DRT-0033] met2 shape region query size = 73.
[INFO DRT-0033] via2 shape region query size = 68.
[INFO DRT-0033] met3 shape region query size = 61.
[INFO DRT-0033] via3 shape region query size = 68.
[INFO DRT-0033] met4 shape region query size = 21.
[INFO DRT-0033] via4 shape region query size = 0.
[INFO DRT-0033] met5 shape region query size = 0.
[INFO DRT-0165] Start pin access.
[INFO DRT-0076]   Complete 100 pins.
[INFO DRT-0076]   Complete 200 pins.
[INFO DRT-0078]   Complete 213 pins.
[INFO DRT-0081]   Complete 68 unique inst patterns.
[INFO DRT-0084]   Complete 67 groups.
#scanned instances     = 180
#unique  instances     = 74
#stdCellGenAp          = 1689
#stdCellValidPlanarAp  = 27
#stdCellValidViaAp     = 1283
#stdCellPinNoAp        = 0
#stdCellPinCnt         = 379
#instTermValidViaApCnt = 0
#macroGenAp            = 0
#macroValidPlanarAp    = 0
#macroValidViaAp       = 0
#macroNoAp             = 0
[INFO DRT-0166] Complete pin access.
[INFO DRT-0267] cpu time = 00:00:15, elapsed time = 00:00:02, memory = 116.36 (MB), peak = 116.36 (MB)

Number of guides:     771

[INFO DRT-0169] Post process guides.
[INFO DRT-0176] GCELLGRID X 0 DO 8 STEP 6900 ;
[INFO DRT-0177] GCELLGRID Y 0 DO 9 STEP 6900 ;
[INFO DRT-0028]   Complete FR_MASTERSLICE.
[INFO DRT-0028]   Complete Fr_VIA.
[INFO DRT-0028]   Complete li1.
[INFO DRT-0028]   Complete mcon.
[INFO DRT-0028]   Complete met1.
[INFO DRT-0028]   Complete via.
[INFO DRT-0028]   Complete met2.
[INFO DRT-0028]   Complete via2.
[INFO DRT-0028]   Complete met3.
[INFO DRT-0028]   Complete via3.
[INFO DRT-0028]   Complete met4.
[INFO DRT-0028]   Complete via4.
[INFO DRT-0028]   Complete met5.
[INFO DRT-0178] Init guide query.
[INFO DRT-0035]   Complete FR_MASTERSLICE (guide).
[INFO DRT-0035]   Complete Fr_VIA (guide).
[INFO DRT-0035]   Complete li1 (guide).
[INFO DRT-0035]   Complete mcon (guide).
[INFO DRT-0035]   Complete met1 (guide).
[INFO DRT-0035]   Complete via (guide).
[INFO DRT-0035]   Complete met2 (guide).
[INFO DRT-0035]   Complete via2 (guide).
[INFO DRT-0035]   Complete met3 (guide).
[INFO DRT-0035]   Complete via3 (guide).
[INFO DRT-0035]   Complete met4 (guide).
[INFO DRT-0035]   Complete via4 (guide).
[INFO DRT-0035]   Complete met5 (guide).
[INFO DRT-0036] FR_MASTERSLICE guide region query size = 0.
[INFO DRT-0036] FR_VIA guide region query size = 0.
[INFO DRT-0036] li1 guide region query size = 270.
[INFO DRT-0036] mcon guide region query size = 0.
[INFO DRT-0036] met1 guide region query size = 209.
[INFO DRT-0036] via guide region query size = 0.
[INFO DRT-0036] met2 guide region query size = 115.
[INFO DRT-0036] via2 guide region query size = 0.
[INFO DRT-0036] met3 guide region query size = 10.
[INFO DRT-0036] via3 guide region query size = 0.
[INFO DRT-0036] met4 guide region query size = 0.
[INFO DRT-0036] via4 guide region query size = 0.
[INFO DRT-0036] met5 guide region query size = 0.
[INFO DRT-0179] Init gr pin query.
[INFO DRT-0245] skipped writing guide updates to database.
[INFO DRT-0185] Post process initialize RPin region query.
[INFO DRT-0181] Start track assignment.
[INFO DRT-0184] Done with 385 vertical wires in 1 frboxes and 219 horizontal wires in 1 frboxes.
[INFO DRT-0186] Done with 30 vertical wires in 1 frboxes and 43 horizontal wires in 1 frboxes.
[INFO DRT-0182] Complete track assignment.
[INFO DRT-0267] cpu time = 00:00:00, elapsed time = 00:00:00, memory = 118.48 (MB), peak = 118.48 (MB)
[INFO DRT-0187] Start routing data preparation.
[INFO DRT-0267] cpu time = 00:00:00, elapsed time = 00:00:00, memory = 118.61 (MB), peak = 118.61 (MB)
[INFO DRT-0194] Start detail routing.
[INFO DRT-0195] Start 0th optimization iteration.
    Completing 10% with 0 violations.
    elapsed time = 00:00:01, memory = 130.02 (MB).
    Completing 20% with 9 violations.
    elapsed time = 00:00:01, memory = 131.65 (MB).
    Completing 30% with 13 violations.
    elapsed time = 00:00:01, memory = 131.77 (MB).
    Completing 40% with 13 violations.
    elapsed time = 00:00:01, memory = 131.77 (MB).
[INFO DRT-0199]   Number of violations = 25.
Viol/Layer        met1   met2   met3
Metal Spacing        2      2      1
Recheck              3      9      0
Short                8      0      0
[INFO DRT-0267] cpu time = 00:00:05, elapsed time = 00:00:01, memory = 494.15 (MB), peak = 494.15 (MB)
Total wire length = 1703 um.
Total wire length on LAYER li1 = 0 um.
Total wire length on LAYER met1 = 886 um.
Total wire length on LAYER met2 = 752 um.
Total wire length on LAYER met3 = 64 um.
Total wire length on LAYER met4 = 0 um.
Total wire length on LAYER met5 = 0 um.
Total number of vias = 704.
Up-via summary (total 704):.

----------------------
 FR_MASTERSLICE      0
            li1    363
           met1    331
           met2     10
           met3      0
           met4      0
----------------------
                   704


[INFO DRT-0195] Start 1st optimization iteration.
    Completing 10% with 25 violations.
    elapsed time = 00:00:00, memory = 494.15 (MB).
    Completing 20% with 24 violations.
    elapsed time = 00:00:00, memory = 494.15 (MB).
    Completing 30% with 16 violations.
    elapsed time = 00:00:00, memory = 494.15 (MB).
    Completing 40% with 13 violations.
    elapsed time = 00:00:01, memory = 498.02 (MB).
[INFO DRT-0199]   Number of violations = 12.
Viol/Layer        met1   met2
Metal Spacing        0      2
Short               10      0
[INFO DRT-0267] cpu time = 00:00:06, elapsed time = 00:00:01, memory = 501.90 (MB), peak = 501.90 (MB)
Total wire length = 1722 um.
Total wire length on LAYER li1 = 0 um.
Total wire length on LAYER met1 = 902 um.
Total wire length on LAYER met2 = 760 um.
Total wire length on LAYER met3 = 59 um.
Total wire length on LAYER met4 = 0 um.
Total wire length on LAYER met5 = 0 um.
Total number of vias = 698.
Up-via summary (total 698):.

----------------------
 FR_MASTERSLICE      0
            li1    363
           met1    325
           met2     10
           met3      0
           met4      0
----------------------
                   698


[INFO DRT-0195] Start 2nd optimization iteration.
    Completing 10% with 12 violations.
    elapsed time = 00:00:00, memory = 501.90 (MB).
    Completing 20% with 12 violations.
    elapsed time = 00:00:00, memory = 501.90 (MB).
    Completing 30% with 12 violations.
    elapsed time = 00:00:00, memory = 501.90 (MB).
    Completing 40% with 12 violations.
    elapsed time = 00:00:01, memory = 516.86 (MB).
[INFO DRT-0199]   Number of violations = 8.
Viol/Layer        met1
Metal Spacing        1
Short                7
[INFO DRT-0267] cpu time = 00:00:03, elapsed time = 00:00:01, memory = 516.86 (MB), peak = 528.27 (MB)
Total wire length = 1721 um.
Total wire length on LAYER li1 = 0 um.
Total wire length on LAYER met1 = 884 um.
Total wire length on LAYER met2 = 777 um.
Total wire length on LAYER met3 = 59 um.
Total wire length on LAYER met4 = 0 um.
Total wire length on LAYER met5 = 0 um.
Total number of vias = 704.
Up-via summary (total 704):.

----------------------
 FR_MASTERSLICE      0
            li1    363
           met1    331
           met2     10
           met3      0
           met4      0
----------------------
                   704


[INFO DRT-0195] Start 3rd optimization iteration.
    Completing 10% with 8 violations.
    elapsed time = 00:00:00, memory = 545.86 (MB).
    Completing 20% with 4 violations.
    elapsed time = 00:00:00, memory = 550.49 (MB).
    Completing 30% with 0 violations.
    elapsed time = 00:00:00, memory = 550.49 (MB).
    Completing 40% with 0 violations.
    elapsed time = 00:00:00, memory = 550.49 (MB).
[INFO DRT-0199]   Number of violations = 0.
[INFO DRT-0267] cpu time = 00:00:04, elapsed time = 00:00:00, memory = 550.49 (MB), peak = 550.49 (MB)
Total wire length = 1699 um.
Total wire length on LAYER li1 = 0 um.
Total wire length on LAYER met1 = 856 um.
Total wire length on LAYER met2 = 775 um.
Total wire length on LAYER met3 = 68 um.
Total wire length on LAYER met4 = 0 um.
Total wire length on LAYER met5 = 0 um.
Total number of vias = 720.
Up-via summary (total 720):.

----------------------
 FR_MASTERSLICE      0
            li1    363
           met1    344
           met2     13
           met3      0
           met4      0
----------------------
                   720


[INFO DRT-0198] Complete detail routing.
Total wire length = 1699 um.
Total wire length on LAYER li1 = 0 um.
Total wire length on LAYER met1 = 856 um.
Total wire length on LAYER met2 = 775 um.
Total wire length on LAYER met3 = 68 um.
Total wire length on LAYER met4 = 0 um.
Total wire length on LAYER met5 = 0 um.
Total number of vias = 720.
Up-via summary (total 720):.

----------------------
 FR_MASTERSLICE      0
            li1    363
           met1    344
           met2     13
           met3      0
           met4      0
----------------------
                   720


[INFO DRT-0267] cpu time = 00:00:21, elapsed time = 00:00:05, memory = 550.49 (MB), peak = 550.49 (MB)

[INFO DRT-0180] Post processing.
Setting global connections for newly added cells…
[INFO] Setting global connections...
Writing OpenROAD database to '/home/rtsang/chipalooza/sky130_ajc_ip__brownout/openlane/brownout_dig/runs/RUN_2024-04-11_23-19-37/40-openroad-detailedrouting/brownout_dig.odb'…
Writing netlist to '/home/rtsang/chipalooza/sky130_ajc_ip__brownout/openlane/brownout_dig/runs/RUN_2024-04-11_23-19-37/40-openroad-detailedrouting/brownout_dig.nl.v'…
Writing powered netlist to '/home/rtsang/chipalooza/sky130_ajc_ip__brownout/openlane/brownout_dig/runs/RUN_2024-04-11_23-19-37/40-openroad-detailedrouting/brownout_dig.pnl.v'…
Writing layout to '/home/rtsang/chipalooza/sky130_ajc_ip__brownout/openlane/brownout_dig/runs/RUN_2024-04-11_23-19-37/40-openroad-detailedrouting/brownout_dig.def'…
Writing timing constraints to '/home/rtsang/chipalooza/sky130_ajc_ip__brownout/openlane/brownout_dig/runs/RUN_2024-04-11_23-19-37/40-openroad-detailedrouting/brownout_dig.sdc'…
