Reading OpenROAD database at '/home/rtsang/chipalooza/sky130_ajc_ip__brownout/openlane/brownout_dig/runs/RUN_2024-04-11_23-19-37/47-openroad-fillinsertion/brownout_dig.odb'…
Reading library file at '/home/rtsang/.volare/volare/sky130/versions/bdc9412b3e468c102d01b7cf6337be06ec6e9c9a/sky130A/libs.ref/sky130_fd_sc_hd/lib/sky130_fd_sc_hd__tt_025C_1v80.lib'…
Reading design constraints file at '/nix/store/gz2n27iaqigc0pl644jsbk5cn7v7gs6p-python3-3.11.6-env/lib/python3.11/site-packages/openlane/scripts/base.sdc'…
[INFO] Using clock osc_ck…
[INFO] Setting output delay to: 200
[INFO] Setting input delay to: 200
[INFO] Setting load to: 0.033442
[INFO] Setting clock uncertainty to: 0.25
[INFO] Setting clock transition to: 0.1499999999999999944488848768742172978818416595458984375
[INFO] Setting timing derate to: 5%
[INFO] Setting RC values…
[INFO] Using voltage extracted from lib (1.8000000000V) for power nets and 0V for ground nets…
%OL_CREATE_REPORT irdrop.rpt
[INFO PSM-0022] Using 1.800V for VPWR
[INFO PSM-0076] Setting metal node density to be standard cell height times 5.
[INFO PSM-0031] Number of PDN nodes on net VPWR = 106.
[INFO PSM-0064] Number of voltage sources = 1.
[INFO PSM-0040] All PDN stripes on net VPWR are connected.
########## IR report #################
Corner: nom_tt_025C_1v80
Worstcase voltage: 1.80e+00 V
Average IR drop  : 9.18e-07 V
Worstcase IR drop: 2.91e-06 V
######################################
[INFO PSM-0022] Using 0.000V for VGND
[INFO PSM-0076] Setting metal node density to be standard cell height times 5.
[INFO PSM-0031] Number of PDN nodes on net VGND = 110.
[INFO PSM-0064] Number of voltage sources = 1.
[INFO PSM-0040] All PDN stripes on net VGND are connected.
########## IR report #################
Corner: nom_tt_025C_1v80
Worstcase voltage: 3.84e-06 V
Average IR drop  : 8.69e-07 V
Worstcase IR drop: 3.84e-06 V
######################################
%OL_END_REPORT
