54. Printing statistics.

=== brownout_dig ===

   Number of wires:                 96
   Number of wire bits:            136
   Number of public wires:          20
   Number of public wire bits:      49
   Number of memories:               0
   Number of memory bits:            0
   Number of processes:              0
   Number of cells:                123
     $_ANDNOT_                      44
     $_AND_                          2
     $_MUX_                         15
     $_NAND_                         8
     $_NOR_                          1
     $_NOT_                          8
     $_ORNOT_                        5
     $_OR_                          11
     $_XNOR_                         5
     $_XOR_                          8
     sky130_fd_sc_hd__dfrtp_2        3
     sky130_fd_sc_hd__dfstp_2       13

   Area for cell type $_NOT_ is unknown!
   Area for cell type $_AND_ is unknown!
   Area for cell type $_NAND_ is unknown!
   Area for cell type $_OR_ is unknown!
   Area for cell type $_NOR_ is unknown!
   Area for cell type $_XOR_ is unknown!
   Area for cell type $_XNOR_ is unknown!
   Area for cell type $_ANDNOT_ is unknown!
   Area for cell type $_ORNOT_ is unknown!
   Area for cell type $_MUX_ is unknown!

   Chip area for module '\brownout_dig': 420.403200

