48. Printing statistics.

=== brownout_dig ===

   Number of wires:                 82
   Number of wire bits:            122
   Number of public wires:          20
   Number of public wire bits:      49
   Number of memories:               0
   Number of memory bits:            0
   Number of processes:              0
   Number of cells:                109
     $_ANDNOT_                      44
     $_AND_                          2
     $_DFFE_PN1P_                   12
     $_DFF_PN0_                      1
     $_DFF_PN1_                      1
     $_DFF_PP0_                      2
     $_MUX_                          3
     $_NAND_                         8
     $_NOR_                          1
     $_NOT_                          6
     $_ORNOT_                        5
     $_OR_                          11
     $_XNOR_                         5
     $_XOR_                          8

   Area for cell type $_NOT_ is unknown!
   Area for cell type $_AND_ is unknown!
   Area for cell type $_NAND_ is unknown!
   Area for cell type $_OR_ is unknown!
   Area for cell type $_NOR_ is unknown!
   Area for cell type $_XOR_ is unknown!
   Area for cell type $_XNOR_ is unknown!
   Area for cell type $_ANDNOT_ is unknown!
   Area for cell type $_ORNOT_ is unknown!
   Area for cell type $_MUX_ is unknown!
   Area for cell type $_DFF_PN0_ is unknown!
   Area for cell type $_DFF_PN1_ is unknown!
   Area for cell type $_DFF_PP0_ is unknown!
   Area for cell type $_DFFE_PN1P_ is unknown!

