62. Printing statistics.

=== brownout_dig ===

   Number of wires:                 74
   Number of wire bits:             92
   Number of public wires:          31
   Number of public wire bits:      49
   Number of memories:               0
   Number of memory bits:            0
   Number of processes:              0
   Number of cells:                 79
     sky130_fd_sc_hd__a21boi_2       1
     sky130_fd_sc_hd__a21o_2         2
     sky130_fd_sc_hd__a21oi_2       10
     sky130_fd_sc_hd__a22o_2         1
     sky130_fd_sc_hd__a31o_2         3
     sky130_fd_sc_hd__and2_2         4
     sky130_fd_sc_hd__and2b_2        1
     sky130_fd_sc_hd__and3_2         2
     sky130_fd_sc_hd__and3b_2        7
     sky130_fd_sc_hd__and4_2         3
     sky130_fd_sc_hd__dfrtp_2        3
     sky130_fd_sc_hd__dfstp_2       13
     sky130_fd_sc_hd__inv_2          4
     sky130_fd_sc_hd__nand2_2        4
     sky130_fd_sc_hd__nand2b_2       1
     sky130_fd_sc_hd__nor2_2         2
     sky130_fd_sc_hd__nor3_2         2
     sky130_fd_sc_hd__nor3b_2        6
     sky130_fd_sc_hd__o21a_2         1
     sky130_fd_sc_hd__o31a_2         1
     sky130_fd_sc_hd__or2_2          2
     sky130_fd_sc_hd__or3b_2         1
     sky130_fd_sc_hd__xnor2_2        2
     sky130_fd_sc_hd__xor2_2         3

   Chip area for module '\brownout_dig': 1004.713600

