Starting…
Running 'Verilator.Lint'… (Log: [link=file:///home/rtsang/chipalooza/sky130_ajc_ip__brownout/openlane/brownout_dig/runs/RUN_2024-04-11_23-19-37/01-verilator-lint/verilator-lint.log]./runs/RUN_2024-04-11_23-19-37/01-verilator-lint/verilator-lint.log[/link])
Creating cell models for frozenset({'/home/rtsang/.volare/volare/sky130/versions/bdc9412b3e468c102d01b7cf6337be06ec6e9c9a/sky130A/libs.ref/sky130_fd_sc_hd/verilog/sky130_fd_sc_hd.v', '/home/rtsang/.volare/volare/sky130/versions/bdc9412b3e468c102d01b7cf6337be06ec6e9c9a/sky130A/libs.ref/sky130_fd_sc_hd/verilog/primitives.v'})…
Running 'Checker.LintTimingConstructs'… (Log: [link=file:///home/rtsang/chipalooza/sky130_ajc_ip__brownout/openlane/brownout_dig/runs/RUN_2024-04-11_23-19-37/02-checker-linttimingconstructs/checker-linttimingconstructs.log]./runs/RUN_2024-04-11_23-19-37/02-checker-linttimingconstructs/checker-linttimingconstructs.log[/link])
Check for Lint Timing Errors clear.
Running 'Checker.LintErrors'… (Log: [link=file:///home/rtsang/chipalooza/sky130_ajc_ip__brownout/openlane/brownout_dig/runs/RUN_2024-04-11_23-19-37/03-checker-linterrors/checker-linterrors.log]./runs/RUN_2024-04-11_23-19-37/03-checker-linterrors/checker-linterrors.log[/link])
Check for Lint errors clear.
Running 'Checker.LintWarnings'… (Log: [link=file:///home/rtsang/chipalooza/sky130_ajc_ip__brownout/openlane/brownout_dig/runs/RUN_2024-04-11_23-19-37/04-checker-lintwarnings/checker-lintwarnings.log]./runs/RUN_2024-04-11_23-19-37/04-checker-lintwarnings/checker-lintwarnings.log[/link])
Check for Lint warnings clear.
Running 'Yosys.JsonHeader'… (Log: [link=file:///home/rtsang/chipalooza/sky130_ajc_ip__brownout/openlane/brownout_dig/runs/RUN_2024-04-11_23-19-37/05-yosys-jsonheader/yosys-jsonheader.log]./runs/RUN_2024-04-11_23-19-37/05-yosys-jsonheader/yosys-jsonheader.log[/link])
Running 'Yosys.Synthesis'… (Log: [link=file:///home/rtsang/chipalooza/sky130_ajc_ip__brownout/openlane/brownout_dig/runs/RUN_2024-04-11_23-19-37/06-yosys-synthesis/yosys-synthesis.log]./runs/RUN_2024-04-11_23-19-37/06-yosys-synthesis/yosys-synthesis.log[/link])
Parsing synthesis checks…
Running 'Checker.YosysUnmappedCells'… (Log: [link=file:///home/rtsang/chipalooza/sky130_ajc_ip__brownout/openlane/brownout_dig/runs/RUN_2024-04-11_23-19-37/07-checker-yosysunmappedcells/checker-yosysunmappedcells.log]./runs/RUN_2024-04-11_23-19-37/07-checker-yosysunmappedcells/checker-yosysunmappedcells.log[/link])
Check for Unmapped Yosys instances clear.
Running 'Checker.YosysSynthChecks'… (Log: [link=file:///home/rtsang/chipalooza/sky130_ajc_ip__brownout/openlane/brownout_dig/runs/RUN_2024-04-11_23-19-37/08-checker-yosyssynthchecks/checker-yosyssynthchecks.log]./runs/RUN_2024-04-11_23-19-37/08-checker-yosyssynthchecks/checker-yosyssynthchecks.log[/link])
Check for Yosys check errors clear.
Running 'OpenROAD.CheckSDCFiles'… (Log: [link=file:///home/rtsang/chipalooza/sky130_ajc_ip__brownout/openlane/brownout_dig/runs/RUN_2024-04-11_23-19-37/09-openroad-checksdcfiles/openroad-checksdcfiles.log]./runs/RUN_2024-04-11_23-19-37/09-openroad-checksdcfiles/openroad-checksdcfiles.log[/link])
'PNR_SDC_FILE' is not defined. Using generic fallback SDC for OpenROAD PnR steps.
'SIGNOFF_SDC_FILE' is not defined. Using generic fallback SDC for OpenROAD PnR steps.
Running 'OpenROAD.CheckMacroInstances'… (Log: [link=file:///home/rtsang/chipalooza/sky130_ajc_ip__brownout/openlane/brownout_dig/runs/RUN_2024-04-11_23-19-37/10-openroad-checkmacroinstances/openroad-checkmacroinstances.log]./runs/RUN_2024-04-11_23-19-37/10-openroad-checkmacroinstances/openroad-checkmacroinstances.log[/link])
No macros found, skipping instance check…
Running 'OpenROAD.STAPrePNR'… (Log: [link=file:///home/rtsang/chipalooza/sky130_ajc_ip__brownout/openlane/brownout_dig/runs/RUN_2024-04-11_23-19-37/11-openroad-staprepnr/openroad-staprepnr.log]./runs/RUN_2024-04-11_23-19-37/11-openroad-staprepnr/openroad-staprepnr.log[/link])
Running 'OpenROAD.Floorplan'… (Log: [link=file:///home/rtsang/chipalooza/sky130_ajc_ip__brownout/openlane/brownout_dig/runs/RUN_2024-04-11_23-19-37/12-openroad-floorplan/openroad-floorplan.log]./runs/RUN_2024-04-11_23-19-37/12-openroad-floorplan/openroad-floorplan.log[/link])
Running 'Odb.CheckMacroAntennaProperties'… (Log: [link=file:///home/rtsang/chipalooza/sky130_ajc_ip__brownout/openlane/brownout_dig/runs/RUN_2024-04-11_23-19-37/13-odb-checkmacroantennaproperties/odb-checkmacroantennaproperties.log]./runs/RUN_2024-04-11_23-19-37/13-odb-checkmacroantennaproperties/odb-checkmacroantennaproperties.log[/link])
No cells provided, skipping…
Running 'Odb.SetPowerConnections'… (Log: [link=file:///home/rtsang/chipalooza/sky130_ajc_ip__brownout/openlane/brownout_dig/runs/RUN_2024-04-11_23-19-37/14-odb-setpowerconnections/odb-setpowerconnections.log]./runs/RUN_2024-04-11_23-19-37/14-odb-setpowerconnections/odb-setpowerconnections.log[/link])
Running 'Odb.ManualMacroPlacement'… (Log: [link=file:///home/rtsang/chipalooza/sky130_ajc_ip__brownout/openlane/brownout_dig/runs/RUN_2024-04-11_23-19-37/15-odb-manualmacroplacement/odb-manualmacroplacement.log]./runs/RUN_2024-04-11_23-19-37/15-odb-manualmacroplacement/odb-manualmacroplacement.log[/link])
No instances found, skipping 'Odb.ManualMacroPlacement'…
Running 'OpenROAD.CutRows'… (Log: [link=file:///home/rtsang/chipalooza/sky130_ajc_ip__brownout/openlane/brownout_dig/runs/RUN_2024-04-11_23-19-37/16-openroad-cutrows/openroad-cutrows.log]./runs/RUN_2024-04-11_23-19-37/16-openroad-cutrows/openroad-cutrows.log[/link])
Running 'OpenROAD.TapEndcapInsertion'… (Log: [link=file:///home/rtsang/chipalooza/sky130_ajc_ip__brownout/openlane/brownout_dig/runs/RUN_2024-04-11_23-19-37/17-openroad-tapendcapinsertion/openroad-tapendcapinsertion.log]./runs/RUN_2024-04-11_23-19-37/17-openroad-tapendcapinsertion/openroad-tapendcapinsertion.log[/link])
Running 'OpenROAD.GlobalPlacementSkipIO'… (Log: [link=file:///home/rtsang/chipalooza/sky130_ajc_ip__brownout/openlane/brownout_dig/runs/RUN_2024-04-11_23-19-37/18-openroad-globalplacementskipio/openroad-globalplacementskipio.log]./runs/RUN_2024-04-11_23-19-37/18-openroad-globalplacementskipio/openroad-globalplacementskipio.log[/link])
Running 'OpenROAD.IOPlacement'… (Log: [link=file:///home/rtsang/chipalooza/sky130_ajc_ip__brownout/openlane/brownout_dig/runs/RUN_2024-04-11_23-19-37/19-openroad-ioplacement/openroad-ioplacement.log]./runs/RUN_2024-04-11_23-19-37/19-openroad-ioplacement/openroad-ioplacement.log[/link])
Running 'Odb.CustomIOPlacement'… (Log: [link=file:///home/rtsang/chipalooza/sky130_ajc_ip__brownout/openlane/brownout_dig/runs/RUN_2024-04-11_23-19-37/20-odb-customioplacement/odb-customioplacement.log]./runs/RUN_2024-04-11_23-19-37/20-odb-customioplacement/odb-customioplacement.log[/link])
No custom floorplan file configured, skipping…
Running 'Odb.ApplyDEFTemplate'… (Log: [link=file:///home/rtsang/chipalooza/sky130_ajc_ip__brownout/openlane/brownout_dig/runs/RUN_2024-04-11_23-19-37/21-odb-applydeftemplate/odb-applydeftemplate.log]./runs/RUN_2024-04-11_23-19-37/21-odb-applydeftemplate/odb-applydeftemplate.log[/link])
No DEF template provided, skipping…
Running 'OpenROAD.GlobalPlacement'… (Log: [link=file:///home/rtsang/chipalooza/sky130_ajc_ip__brownout/openlane/brownout_dig/runs/RUN_2024-04-11_23-19-37/22-openroad-globalplacement/openroad-globalplacement.log]./runs/RUN_2024-04-11_23-19-37/22-openroad-globalplacement/openroad-globalplacement.log[/link])
Running 'Odb.AddPDNObstructions'… (Log: [link=file:///home/rtsang/chipalooza/sky130_ajc_ip__brownout/openlane/brownout_dig/runs/RUN_2024-04-11_23-19-37/23-odb-addpdnobstructions/odb-addpdnobstructions.log]./runs/RUN_2024-04-11_23-19-37/23-odb-addpdnobstructions/odb-addpdnobstructions.log[/link])
'PDN_OBSTRUCTIONS' is not defined. Skipping 'Odb.AddPDNObstructions'…
Running 'OpenROAD.GeneratePDN'… (Log: [link=file:///home/rtsang/chipalooza/sky130_ajc_ip__brownout/openlane/brownout_dig/runs/RUN_2024-04-11_23-19-37/24-openroad-generatepdn/openroad-generatepdn.log]./runs/RUN_2024-04-11_23-19-37/24-openroad-generatepdn/openroad-generatepdn.log[/link])
'FP_PDN_CFG' not explicitly set, setting it to /nix/store/gz2n27iaqigc0pl644jsbk5cn7v7gs6p-python3-3.11.6-env/lib/python3.11/site-packages/openlane/scripts/openroad/common/pdn_cfg.tcl…
Running 'Odb.RemovePDNObstructions'… (Log: [link=file:///home/rtsang/chipalooza/sky130_ajc_ip__brownout/openlane/brownout_dig/runs/RUN_2024-04-11_23-19-37/25-odb-removepdnobstructions/odb-removepdnobstructions.log]./runs/RUN_2024-04-11_23-19-37/25-odb-removepdnobstructions/odb-removepdnobstructions.log[/link])
'PDN_OBSTRUCTIONS' is not defined. Skipping 'Odb.RemovePDNObstructions'…
Running 'Odb.WriteVerilogHeader'… (Log: [link=file:///home/rtsang/chipalooza/sky130_ajc_ip__brownout/openlane/brownout_dig/runs/RUN_2024-04-11_23-19-37/26-odb-writeverilogheader/odb-writeverilogheader.log]./runs/RUN_2024-04-11_23-19-37/26-odb-writeverilogheader/odb-writeverilogheader.log[/link])
Running 'Checker.PowerGridViolations'… (Log: [link=file:///home/rtsang/chipalooza/sky130_ajc_ip__brownout/openlane/brownout_dig/runs/RUN_2024-04-11_23-19-37/27-checker-powergridviolations/checker-powergridviolations.log]./runs/RUN_2024-04-11_23-19-37/27-checker-powergridviolations/checker-powergridviolations.log[/link])
Check for power grid violations (as reported by OpenROAD PSM- you may ignore these if LVS passes) clear.
Running 'OpenROAD.STAMidPNR'… (Log: [link=file:///home/rtsang/chipalooza/sky130_ajc_ip__brownout/openlane/brownout_dig/runs/RUN_2024-04-11_23-19-37/28-openroad-stamidpnr/openroad-stamidpnr.log]./runs/RUN_2024-04-11_23-19-37/28-openroad-stamidpnr/openroad-stamidpnr.log[/link])
Running 'OpenROAD.RepairDesignPostGPL'… (Log: [link=file:///home/rtsang/chipalooza/sky130_ajc_ip__brownout/openlane/brownout_dig/runs/RUN_2024-04-11_23-19-37/29-openroad-repairdesignpostgpl/openroad-repairdesignpostgpl.log]./runs/RUN_2024-04-11_23-19-37/29-openroad-repairdesignpostgpl/openroad-repairdesignpostgpl.log[/link])
Running 'OpenROAD.DetailedPlacement'… (Log: [link=file:///home/rtsang/chipalooza/sky130_ajc_ip__brownout/openlane/brownout_dig/runs/RUN_2024-04-11_23-19-37/30-openroad-detailedplacement/openroad-detailedplacement.log]./runs/RUN_2024-04-11_23-19-37/30-openroad-detailedplacement/openroad-detailedplacement.log[/link])
Running 'OpenROAD.CTS'… (Log: [link=file:///home/rtsang/chipalooza/sky130_ajc_ip__brownout/openlane/brownout_dig/runs/RUN_2024-04-11_23-19-37/31-openroad-cts/openroad-cts.log]./runs/RUN_2024-04-11_23-19-37/31-openroad-cts/openroad-cts.log[/link])
Running 'OpenROAD.STAMidPNR-1'… (Log: [link=file:///home/rtsang/chipalooza/sky130_ajc_ip__brownout/openlane/brownout_dig/runs/RUN_2024-04-11_23-19-37/32-openroad-stamidpnr-1/openroad-stamidpnr-1.log]./runs/RUN_2024-04-11_23-19-37/32-openroad-stamidpnr-1/openroad-stamidpnr-1.log[/link])
Running 'OpenROAD.ResizerTimingPostCTS'… (Log: [link=file:///home/rtsang/chipalooza/sky130_ajc_ip__brownout/openlane/brownout_dig/runs/RUN_2024-04-11_23-19-37/33-openroad-resizertimingpostcts/openroad-resizertimingpostcts.log]./runs/RUN_2024-04-11_23-19-37/33-openroad-resizertimingpostcts/openroad-resizertimingpostcts.log[/link])
Running 'OpenROAD.STAMidPNR-2'… (Log: [link=file:///home/rtsang/chipalooza/sky130_ajc_ip__brownout/openlane/brownout_dig/runs/RUN_2024-04-11_23-19-37/34-openroad-stamidpnr-2/openroad-stamidpnr-2.log]./runs/RUN_2024-04-11_23-19-37/34-openroad-stamidpnr-2/openroad-stamidpnr-2.log[/link])
Running 'OpenROAD.GlobalRouting'… (Log: [link=file:///home/rtsang/chipalooza/sky130_ajc_ip__brownout/openlane/brownout_dig/runs/RUN_2024-04-11_23-19-37/35-openroad-globalrouting/openroad-globalrouting.log]./runs/RUN_2024-04-11_23-19-37/35-openroad-globalrouting/openroad-globalrouting.log[/link])
Running 'OpenROAD.CheckAntennas'… (Log: [link=file:///home/rtsang/chipalooza/sky130_ajc_ip__brownout/openlane/brownout_dig/runs/RUN_2024-04-11_23-19-37/36-openroad-checkantennas/openroad-checkantennas.log]./runs/RUN_2024-04-11_23-19-37/36-openroad-checkantennas/openroad-checkantennas.log[/link])
Gating variable for step 'OpenROAD.RepairDesignPostGRT' set to 'False'- the step will be skipped.
Skipping step 'Repair Design (Post-Global Routing)'…
Running 'Odb.DiodesOnPorts'… (Log: [link=file:///home/rtsang/chipalooza/sky130_ajc_ip__brownout/openlane/brownout_dig/runs/RUN_2024-04-11_23-19-37/37-odb-diodesonports/odb-diodesonports.log]./runs/RUN_2024-04-11_23-19-37/37-odb-diodesonports/odb-diodesonports.log[/link])
'DIODE_ON_PORTS' is set to 'none': skipping…
Gating variable for step 'Odb.HeuristicDiodeInsertion' set to 'False'- the step will be skipped.
Skipping step 'Heuristic Diode Insertion'…
Running 'OpenROAD.RepairAntennas'… (Log: [link=file:///home/rtsang/chipalooza/sky130_ajc_ip__brownout/openlane/brownout_dig/runs/RUN_2024-04-11_23-19-37/38-openroad-repairantennas/openroad-repairantennas.log]./runs/RUN_2024-04-11_23-19-37/38-openroad-repairantennas/openroad-repairantennas.log[/link])
Running 'DiodeInsertion'… (Log: [link=file:///home/rtsang/chipalooza/sky130_ajc_ip__brownout/openlane/brownout_dig/runs/RUN_2024-04-11_23-19-37/38-openroad-repairantennas/1-diodeinsertion/diodeinsertion.log]./runs/RUN_2024-04-11_23-19-37/38-openroad-repairantennas/1-diodeinsertion/diodeinsertion.log[/link])
Running 'OpenROAD.CheckAntennas'… (Log: [link=file:///home/rtsang/chipalooza/sky130_ajc_ip__brownout/openlane/brownout_dig/runs/RUN_2024-04-11_23-19-37/38-openroad-repairantennas/2-openroad-checkantennas/openroad-checkantennas.log]./runs/RUN_2024-04-11_23-19-37/38-openroad-repairantennas/2-openroad-checkantennas/openroad-checkantennas.log[/link])
Gating variable for step 'OpenROAD.ResizerTimingPostGRT' set to 'False'- the step will be skipped.
Skipping step 'Resizer Timing Optimizations (Post-Global Routing)'…
Running 'OpenROAD.STAMidPNR-3'… (Log: [link=file:///home/rtsang/chipalooza/sky130_ajc_ip__brownout/openlane/brownout_dig/runs/RUN_2024-04-11_23-19-37/39-openroad-stamidpnr-3/openroad-stamidpnr-3.log]./runs/RUN_2024-04-11_23-19-37/39-openroad-stamidpnr-3/openroad-stamidpnr-3.log[/link])
Running 'OpenROAD.DetailedRouting'… (Log: [link=file:///home/rtsang/chipalooza/sky130_ajc_ip__brownout/openlane/brownout_dig/runs/RUN_2024-04-11_23-19-37/40-openroad-detailedrouting/openroad-detailedrouting.log]./runs/RUN_2024-04-11_23-19-37/40-openroad-detailedrouting/openroad-detailedrouting.log[/link])
Running TritonRoute with 8 threads…
Running 'OpenROAD.CheckAntennas-1'… (Log: [link=file:///home/rtsang/chipalooza/sky130_ajc_ip__brownout/openlane/brownout_dig/runs/RUN_2024-04-11_23-19-37/41-openroad-checkantennas-1/openroad-checkantennas-1.log]./runs/RUN_2024-04-11_23-19-37/41-openroad-checkantennas-1/openroad-checkantennas-1.log[/link])
Running 'Checker.TrDRC'… (Log: [link=file:///home/rtsang/chipalooza/sky130_ajc_ip__brownout/openlane/brownout_dig/runs/RUN_2024-04-11_23-19-37/42-checker-trdrc/checker-trdrc.log]./runs/RUN_2024-04-11_23-19-37/42-checker-trdrc/checker-trdrc.log[/link])
Check for Routing DRC errors clear.
Running 'Odb.ReportDisconnectedPins'… (Log: [link=file:///home/rtsang/chipalooza/sky130_ajc_ip__brownout/openlane/brownout_dig/runs/RUN_2024-04-11_23-19-37/43-odb-reportdisconnectedpins/odb-reportdisconnectedpins.log]./runs/RUN_2024-04-11_23-19-37/43-odb-reportdisconnectedpins/odb-reportdisconnectedpins.log[/link])
Running 'Checker.DisconnectedPins'… (Log: [link=file:///home/rtsang/chipalooza/sky130_ajc_ip__brownout/openlane/brownout_dig/runs/RUN_2024-04-11_23-19-37/44-checker-disconnectedpins/checker-disconnectedpins.log]./runs/RUN_2024-04-11_23-19-37/44-checker-disconnectedpins/checker-disconnectedpins.log[/link])
Check for critical disconnected pins clear.
Running 'Odb.ReportWireLength'… (Log: [link=file:///home/rtsang/chipalooza/sky130_ajc_ip__brownout/openlane/brownout_dig/runs/RUN_2024-04-11_23-19-37/45-odb-reportwirelength/odb-reportwirelength.log]./runs/RUN_2024-04-11_23-19-37/45-odb-reportwirelength/odb-reportwirelength.log[/link])
Running 'Checker.WireLength'… (Log: [link=file:///home/rtsang/chipalooza/sky130_ajc_ip__brownout/openlane/brownout_dig/runs/RUN_2024-04-11_23-19-37/46-checker-wirelength/checker-wirelength.log]./runs/RUN_2024-04-11_23-19-37/46-checker-wirelength/checker-wirelength.log[/link])
Threshold for Threshold-surpassing long wires is not set. The checker will be skipped.
Running 'OpenROAD.FillInsertion'… (Log: [link=file:///home/rtsang/chipalooza/sky130_ajc_ip__brownout/openlane/brownout_dig/runs/RUN_2024-04-11_23-19-37/47-openroad-fillinsertion/openroad-fillinsertion.log]./runs/RUN_2024-04-11_23-19-37/47-openroad-fillinsertion/openroad-fillinsertion.log[/link])
Running 'OpenROAD.RCX'… (Log: [link=file:///home/rtsang/chipalooza/sky130_ajc_ip__brownout/openlane/brownout_dig/runs/RUN_2024-04-11_23-19-37/48-openroad-rcx/openroad-rcx.log]./runs/RUN_2024-04-11_23-19-37/48-openroad-rcx/openroad-rcx.log[/link])
Running RCX for corners matching nom_* (/home/rtsang/chipalooza/sky130_ajc_ip__brownout/openlane/brownout_dig/runs/RUN_2024-04-11_23-19-37/48-openroad-rcx/nom/rcx.log)…
Running RCX for corners matching min_* (/home/rtsang/chipalooza/sky130_ajc_ip__brownout/openlane/brownout_dig/runs/RUN_2024-04-11_23-19-37/48-openroad-rcx/min/rcx.log)…
Running RCX for corners matching max_* (/home/rtsang/chipalooza/sky130_ajc_ip__brownout/openlane/brownout_dig/runs/RUN_2024-04-11_23-19-37/48-openroad-rcx/max/rcx.log)…
Finished RCX for corners matching min_*.
Finished RCX for corners matching max_*.
Finished RCX for corners matching nom_*.
Running 'OpenROAD.STAPostPNR'… (Log: [link=file:///home/rtsang/chipalooza/sky130_ajc_ip__brownout/openlane/brownout_dig/runs/RUN_2024-04-11_23-19-37/49-openroad-stapostpnr/openroad-stapostpnr.log]./runs/RUN_2024-04-11_23-19-37/49-openroad-stapostpnr/openroad-stapostpnr.log[/link])
Finished STA for the nom_tt_025C_1v80 timing corner.
Finished STA for the nom_ss_100C_1v60 timing corner.
Finished STA for the max_ss_100C_1v60 timing corner.
Finished STA for the min_tt_025C_1v80 timing corner.
Finished STA for the min_ss_100C_1v60 timing corner.
Finished STA for the max_tt_025C_1v80 timing corner.
Finished STA for the nom_ff_n40C_1v95 timing corner.
Finished STA for the min_ff_n40C_1v95 timing corner.
Finished STA for the max_ff_n40C_1v95 timing corner.
Running 'OpenROAD.IRDropReport'… (Log: [link=file:///home/rtsang/chipalooza/sky130_ajc_ip__brownout/openlane/brownout_dig/runs/RUN_2024-04-11_23-19-37/50-openroad-irdropreport/openroad-irdropreport.log]./runs/RUN_2024-04-11_23-19-37/50-openroad-irdropreport/openroad-irdropreport.log[/link])
'VSRC_LOC_FILES' was not given a value, which may make the results of IR drop analysis inaccurate. If you are not integrating a top-level chip for manufacture, you may ignore this warning, otherwise, see the documentation for 'VSRC_LOC_FILES'.
[INFO PSM-0022] Using 1.800V for VPWR
[INFO PSM-0076] Setting metal node density to be standard cell height times 5.
[INFO PSM-0031] Number of PDN nodes on net VPWR = 106.
[INFO PSM-0064] Number of voltage sources = 1.
[INFO PSM-0040] All PDN stripes on net VPWR are connected.
########## IR report #################
Corner: nom_tt_025C_1v80
Worstcase voltage: 1.80e+00 V
Average IR drop  : 9.18e-07 V
Worstcase IR drop: 2.91e-06 V
######################################
[INFO PSM-0022] Using 0.000V for VGND
[INFO PSM-0076] Setting metal node density to be standard cell height times 5.
[INFO PSM-0031] Number of PDN nodes on net VGND = 110.
[INFO PSM-0064] Number of voltage sources = 1.
[INFO PSM-0040] All PDN stripes on net VGND are connected.
########## IR report #################
Corner: nom_tt_025C_1v80
Worstcase voltage: 3.84e-06 V
Average IR drop  : 8.69e-07 V
Worstcase IR drop: 3.84e-06 V
######################################

Running 'Magic.StreamOut'… (Log: [link=file:///home/rtsang/chipalooza/sky130_ajc_ip__brownout/openlane/brownout_dig/runs/RUN_2024-04-11_23-19-37/51-magic-streamout/magic-streamout.log]./runs/RUN_2024-04-11_23-19-37/51-magic-streamout/magic-streamout.log[/link])
Running 'KLayout.StreamOut'… (Log: [link=file:///home/rtsang/chipalooza/sky130_ajc_ip__brownout/openlane/brownout_dig/runs/RUN_2024-04-11_23-19-37/52-klayout-streamout/klayout-streamout.log]./runs/RUN_2024-04-11_23-19-37/52-klayout-streamout/klayout-streamout.log[/link])
Running 'Magic.WriteLEF'… (Log: [link=file:///home/rtsang/chipalooza/sky130_ajc_ip__brownout/openlane/brownout_dig/runs/RUN_2024-04-11_23-19-37/53-magic-writelef/magic-writelef.log]./runs/RUN_2024-04-11_23-19-37/53-magic-writelef/magic-writelef.log[/link])
Running 'Odb.CheckDesignAntennaProperties'… (Log: [link=file:///home/rtsang/chipalooza/sky130_ajc_ip__brownout/openlane/brownout_dig/runs/RUN_2024-04-11_23-19-37/54-odb-checkdesignantennaproperties/odb-checkdesignantennaproperties.log]./runs/RUN_2024-04-11_23-19-37/54-odb-checkdesignantennaproperties/odb-checkdesignantennaproperties.log[/link])
Running 'KLayout.XOR'… (Log: [link=file:///home/rtsang/chipalooza/sky130_ajc_ip__brownout/openlane/brownout_dig/runs/RUN_2024-04-11_23-19-37/55-klayout-xor/klayout-xor.log]./runs/RUN_2024-04-11_23-19-37/55-klayout-xor/klayout-xor.log[/link])
Running XOR with 8 threads…
Running 'Checker.XOR'… (Log: [link=file:///home/rtsang/chipalooza/sky130_ajc_ip__brownout/openlane/brownout_dig/runs/RUN_2024-04-11_23-19-37/56-checker-xor/checker-xor.log]./runs/RUN_2024-04-11_23-19-37/56-checker-xor/checker-xor.log[/link])
Check for XOR differences clear.
Running 'Magic.DRC'… (Log: [link=file:///home/rtsang/chipalooza/sky130_ajc_ip__brownout/openlane/brownout_dig/runs/RUN_2024-04-11_23-19-37/57-magic-drc/magic-drc.log]./runs/RUN_2024-04-11_23-19-37/57-magic-drc/magic-drc.log[/link])
Running 'KLayout.DRC'… (Log: [link=file:///home/rtsang/chipalooza/sky130_ajc_ip__brownout/openlane/brownout_dig/runs/RUN_2024-04-11_23-19-37/58-klayout-drc/klayout-drc.log]./runs/RUN_2024-04-11_23-19-37/58-klayout-drc/klayout-drc.log[/link])
Running KLayout DRC with 8 threads…
Running 'Checker.MagicDRC'… (Log: [link=file:///home/rtsang/chipalooza/sky130_ajc_ip__brownout/openlane/brownout_dig/runs/RUN_2024-04-11_23-19-37/59-checker-magicdrc/checker-magicdrc.log]./runs/RUN_2024-04-11_23-19-37/59-checker-magicdrc/checker-magicdrc.log[/link])
Check for Magic DRC errors clear.
Running 'Checker.KLayoutDRC'… (Log: [link=file:///home/rtsang/chipalooza/sky130_ajc_ip__brownout/openlane/brownout_dig/runs/RUN_2024-04-11_23-19-37/60-checker-klayoutdrc/checker-klayoutdrc.log]./runs/RUN_2024-04-11_23-19-37/60-checker-klayoutdrc/checker-klayoutdrc.log[/link])
Check for KLayout DRC errors clear.
Running 'Magic.SpiceExtraction'… (Log: [link=file:///home/rtsang/chipalooza/sky130_ajc_ip__brownout/openlane/brownout_dig/runs/RUN_2024-04-11_23-19-37/61-magic-spiceextraction/magic-spiceextraction.log]./runs/RUN_2024-04-11_23-19-37/61-magic-spiceextraction/magic-spiceextraction.log[/link])
Running 'Checker.IllegalOverlap'… (Log: [link=file:///home/rtsang/chipalooza/sky130_ajc_ip__brownout/openlane/brownout_dig/runs/RUN_2024-04-11_23-19-37/62-checker-illegaloverlap/checker-illegaloverlap.log]./runs/RUN_2024-04-11_23-19-37/62-checker-illegaloverlap/checker-illegaloverlap.log[/link])
Check for Magic Illegal Overlap errors clear.
Running 'Netgen.LVS'… (Log: [link=file:///home/rtsang/chipalooza/sky130_ajc_ip__brownout/openlane/brownout_dig/runs/RUN_2024-04-11_23-19-37/63-netgen-lvs/netgen-lvs.log]./runs/RUN_2024-04-11_23-19-37/63-netgen-lvs/netgen-lvs.log[/link])
Running 'Checker.LVS'… (Log: [link=file:///home/rtsang/chipalooza/sky130_ajc_ip__brownout/openlane/brownout_dig/runs/RUN_2024-04-11_23-19-37/64-checker-lvs/checker-lvs.log]./runs/RUN_2024-04-11_23-19-37/64-checker-lvs/checker-lvs.log[/link])
Check for LVS errors clear.
Gating variable for step 'Yosys.EQY' set to 'False'- the step will be skipped.
Skipping step 'Equivalence Check'…
Running 'Checker.SetupViolations'… (Log: [link=file:///home/rtsang/chipalooza/sky130_ajc_ip__brownout/openlane/brownout_dig/runs/RUN_2024-04-11_23-19-37/65-checker-setupviolations/checker-setupviolations.log]./runs/RUN_2024-04-11_23-19-37/65-checker-setupviolations/checker-setupviolations.log[/link])
No setup violations found
Running 'Checker.HoldViolations'… (Log: [link=file:///home/rtsang/chipalooza/sky130_ajc_ip__brownout/openlane/brownout_dig/runs/RUN_2024-04-11_23-19-37/66-checker-holdviolations/checker-holdviolations.log]./runs/RUN_2024-04-11_23-19-37/66-checker-holdviolations/checker-holdviolations.log[/link])
No hold violations found
Running 'Checker.MaxSlewViolations'… (Log: [link=file:///home/rtsang/chipalooza/sky130_ajc_ip__brownout/openlane/brownout_dig/runs/RUN_2024-04-11_23-19-37/67-checker-maxslewviolations/checker-maxslewviolations.log]./runs/RUN_2024-04-11_23-19-37/67-checker-maxslewviolations/checker-maxslewviolations.log[/link])
No max slew violations found
Running 'Checker.MaxCapViolations'… (Log: [link=file:///home/rtsang/chipalooza/sky130_ajc_ip__brownout/openlane/brownout_dig/runs/RUN_2024-04-11_23-19-37/68-checker-maxcapviolations/checker-maxcapviolations.log]./runs/RUN_2024-04-11_23-19-37/68-checker-maxcapviolations/checker-maxcapviolations.log[/link])
No max cap violations found
Running 'Misc.ReportManufacturability'… (Log: [link=file:///home/rtsang/chipalooza/sky130_ajc_ip__brownout/openlane/brownout_dig/runs/RUN_2024-04-11_23-19-37/69-misc-reportmanufacturability/misc-reportmanufacturability.log]./runs/RUN_2024-04-11_23-19-37/69-misc-reportmanufacturability/misc-reportmanufacturability.log[/link])
Saving views to '/home/rtsang/chipalooza/sky130_ajc_ip__brownout/openlane/brownout_dig/runs/RUN_2024-04-11_23-19-37/final'…
Flow complete.
