Reading OpenROAD database at '/home/rtsang/chipalooza/sky130_ajc_ip__brownout/openlane/brownout_dig/runs/RUN_2024-04-11_23-19-37/17-openroad-tapendcapinsertion/brownout_dig.odb'…
Reading library file at '/home/rtsang/.volare/volare/sky130/versions/bdc9412b3e468c102d01b7cf6337be06ec6e9c9a/sky130A/libs.ref/sky130_fd_sc_hd/lib/sky130_fd_sc_hd__tt_025C_1v80.lib'…
Reading design constraints file at '/nix/store/gz2n27iaqigc0pl644jsbk5cn7v7gs6p-python3-3.11.6-env/lib/python3.11/site-packages/openlane/scripts/base.sdc'…
[INFO] Using clock osc_ck…
[INFO] Setting output delay to: 200
[INFO] Setting input delay to: 200
[INFO] Setting load to: 0.033442
[INFO] Setting clock uncertainty to: 0.25
[INFO] Setting clock transition to: 0.1499999999999999944488848768742172978818416595458984375
[INFO] Setting timing derate to: 5%
[INFO] Setting RC values…
[INFO] Setting signal min routing layer to: met1 and clock min routing layer to met1. 
[INFO] Setting signal max routing layer to: met5 and clock max routing layer to met5. 
{*}-density 0.83 -timing_driven -routability_driven -skip_io -pad_right 0 -pad_left 0 -init_wirelength_coef 0.25
[WARNING GPL-0150] -skip_io will disable timing driven mode.
[WARNING GPL-0151] -skip_io will disable routability driven mode.
[INFO GPL-0002] DBU: 1000
[INFO GPL-0003] SiteSize: 460 2720
[INFO GPL-0004] CoreAreaLxLy: 5520 10880
[INFO GPL-0005] CoreAreaUxUy: 50140 54400
[INFO GPL-0006] NumInstances: 140
[INFO GPL-0007] NumPlaceInstances: 81
[INFO GPL-0008] NumFixedInstances: 59
[INFO GPL-0009] NumDummyInstances: 0
[INFO GPL-0010] NumNets: 94
[INFO GPL-0011] NumPins: 299
[INFO GPL-0012] DieAreaLxLy: 0 0
[INFO GPL-0013] DieAreaUxUy: 55865 66585
[INFO GPL-0014] CoreAreaLxLy: 5520 10880
[INFO GPL-0015] CoreAreaUxUy: 50140 54400
[INFO GPL-0016] CoreArea: 1941862400
[INFO GPL-0017] NonPlaceInstsArea: 153897600
[INFO GPL-0018] PlaceInstsArea: 1012220800
[INFO GPL-0019] Util(%): 56.61
[INFO GPL-0020] StdInstsArea: 1012220800
[INFO GPL-0021] MacroInstsArea: 0
[INFO GPL-0031] FillerInit: NumGCells: 120
[INFO GPL-0032] FillerInit: NumGNets: 94
[INFO GPL-0033] FillerInit: NumGPins: 299
[INFO GPL-0023] TargetDensity: 0.83
[INFO GPL-0024] AveragePlaceInstArea: 12496553
[INFO GPL-0025] IdealBinArea: 15056088
[INFO GPL-0026] IdealBinCnt: 128
[INFO GPL-0027] TotalBinArea: 1941862400
[INFO GPL-0028] BinCnt: 8 8
[INFO GPL-0029] BinSize: 5578 5440
[INFO GPL-0030] NumBins: 64
[NesterovSolve] Iter: 1 overflow: 0.898822 HPWL: 237288
[NesterovSolve] Iter: 10 overflow: 0.882796 HPWL: 213066
[NesterovSolve] Iter: 20 overflow: 0.876871 HPWL: 212404
[NesterovSolve] Iter: 30 overflow: 0.877336 HPWL: 212289
[NesterovSolve] Iter: 40 overflow: 0.878581 HPWL: 212248
[NesterovSolve] Iter: 50 overflow: 0.87785 HPWL: 212286
[NesterovSolve] Iter: 60 overflow: 0.877529 HPWL: 212317
[NesterovSolve] Iter: 70 overflow: 0.877606 HPWL: 212351
[NesterovSolve] Iter: 80 overflow: 0.877052 HPWL: 212404
[NesterovSolve] Iter: 90 overflow: 0.87612 HPWL: 212516
[NesterovSolve] Iter: 100 overflow: 0.874882 HPWL: 212635
[NesterovSolve] Iter: 110 overflow: 0.872772 HPWL: 212784
[NesterovSolve] Iter: 120 overflow: 0.868275 HPWL: 212918
[NesterovSolve] Iter: 130 overflow: 0.846711 HPWL: 213146
[NesterovSolve] Iter: 140 overflow: 0.813004 HPWL: 213502
[NesterovSolve] Iter: 150 overflow: 0.755966 HPWL: 213847
[NesterovSolve] Iter: 160 overflow: 0.706862 HPWL: 214230
[NesterovSolve] Iter: 170 overflow: 0.691117 HPWL: 214848
[NesterovSolve] Iter: 180 overflow: 0.676516 HPWL: 216575
[NesterovSolve] Iter: 190 overflow: 0.645207 HPWL: 222826
[NesterovSolve] Iter: 200 overflow: 0.632885 HPWL: 240028
[NesterovSolve] Iter: 210 overflow: 0.589076 HPWL: 263552
[NesterovSolve] Iter: 220 overflow: 0.570556 HPWL: 286874
[NesterovSolve] Iter: 230 overflow: 0.464331 HPWL: 324084
[NesterovSolve] Iter: 240 overflow: 0.459261 HPWL: 345472
[NesterovSolve] Iter: 250 overflow: 0.421771 HPWL: 365987
[NesterovSolve] Iter: 260 overflow: 0.367069 HPWL: 377689
[NesterovSolve] Iter: 270 overflow: 0.338686 HPWL: 397442
[NesterovSolve] Iter: 280 overflow: 0.297351 HPWL: 412000
[NesterovSolve] Iter: 290 overflow: 0.287984 HPWL: 445337
[NesterovSolve] Iter: 300 overflow: 0.269438 HPWL: 463077
[NesterovSolve] Iter: 310 overflow: 0.246631 HPWL: 480563
[NesterovSolve] Iter: 320 overflow: 0.208844 HPWL: 494930
[NesterovSolve] Iter: 330 overflow: 0.183057 HPWL: 505145
[NesterovSolve] Iter: 340 overflow: 0.14919 HPWL: 518497
[NesterovSolve] Iter: 350 overflow: 0.129055 HPWL: 527304
[NesterovSolve] Iter: 360 overflow: 0.095952 HPWL: 559285
[NesterovSolve] Finished with Overflow: 0.095952
[INFO] Setting RC values…
Setting global connections for newly added cells…
[INFO] Setting global connections...
Writing OpenROAD database to '/home/rtsang/chipalooza/sky130_ajc_ip__brownout/openlane/brownout_dig/runs/RUN_2024-04-11_23-19-37/18-openroad-globalplacementskipio/brownout_dig.odb'…
Writing netlist to '/home/rtsang/chipalooza/sky130_ajc_ip__brownout/openlane/brownout_dig/runs/RUN_2024-04-11_23-19-37/18-openroad-globalplacementskipio/brownout_dig.nl.v'…
Writing powered netlist to '/home/rtsang/chipalooza/sky130_ajc_ip__brownout/openlane/brownout_dig/runs/RUN_2024-04-11_23-19-37/18-openroad-globalplacementskipio/brownout_dig.pnl.v'…
Writing layout to '/home/rtsang/chipalooza/sky130_ajc_ip__brownout/openlane/brownout_dig/runs/RUN_2024-04-11_23-19-37/18-openroad-globalplacementskipio/brownout_dig.def'…
Writing timing constraints to '/home/rtsang/chipalooza/sky130_ajc_ip__brownout/openlane/brownout_dig/runs/RUN_2024-04-11_23-19-37/18-openroad-globalplacementskipio/brownout_dig.sdc'…
